<?xml version="1.0" encoding="UTF-8"?>
<!-- Generated by org.testng.reporters.JUnitReportReporter -->
<testsuite hostname="naman" name="foosballTests.BallySpeedResetToZero" tests="1" failures="0" timestamp="22 Nov 2014 18:03:53 GMT" time="0.119" errors="0">
  <testcase name="ballySpeedResetToZero" time="0.119" classname="foosballTests.BallySpeedResetToZero"/>
</testsuite> <!-- foosballTests.BallySpeedResetToZero -->
